This is pdfTeX, Version 3.141592653-2.6-1.40.22 (MiKTeX 21.6) (preloaded format=pdflatex 2021.9.27)  14 SEP 2022 15:53
entering extended mode
**./Assignment1_QMII_Kerr.tex
(Assignment1_QMII_Kerr.tex
LaTeX2e <2021-06-01>
L3 programming layer <2021-06-01>
(C:\Users\Gavin's XPS 13\AppData\Local\Programs\MiKTeX\tex/latex/base\article.c
ls
Document Class: article 2021/02/12 v1.4n Standard LaTeX document class

(C:\Users\Gavin's XPS 13\AppData\Local\Programs\MiKTeX\tex/latex/base\size12.cl
o
File: size12.clo 2021/02/12 v1.4n Standard LaTeX file (size option)
)
\c@part=\count182
\c@section=\count183
\c@subsection=\count184
\c@subsubsection=\count185
\c@paragraph=\count186
\c@subparagraph=\count187
\c@figure=\count188
\c@table=\count189
\abovecaptionskip=\skip47
\belowcaptionskip=\skip48
\bibindent=\dimen138
)
(C:\Users\Gavin's XPS 13\AppData\Local\Programs\MiKTeX\tex/latex/amsfonts\amsfo
nts.sty
Package: amsfonts 2013/01/14 v3.01 Basic AMSFonts support
\@emptytoks=\toks16
\symAMSa=\mathgroup4
\symAMSb=\mathgroup5
LaTeX Font Info:    Redeclaring math symbol \hbar on input line 98.
LaTeX Font Info:    Overwriting math alphabet `\mathfrak' in version `bold'
(Font)                  U/euf/m/n --> U/euf/b/n on input line 106.
)
(C:\Users\Gavin's XPS 13\AppData\Local\Programs\MiKTeX\tex/latex/amsfonts\amssy
mb.sty
Package: amssymb 2013/01/14 v3.01 AMS font symbols
)
(C:\Users\Gavin's XPS 13\AppData\Local\Programs\MiKTeX\tex/latex/amsmath\amsmat
h.sty
Package: amsmath 2021/04/20 v2.17j AMS math features
\@mathmargin=\skip49

For additional information on amsmath, use the `?' option.

(C:\Users\Gavin's XPS 13\AppData\Local\Programs\MiKTeX\tex/latex/amsmath\amstex
t.sty
Package: amstext 2000/06/29 v2.01 AMS text

(C:\Users\Gavin's XPS 13\AppData\Local\Programs\MiKTeX\tex/latex/amsmath\amsgen
.sty
File: amsgen.sty 1999/11/30 v2.0 generic functions
\@emptytoks=\toks17
\ex@=\dimen139
))
(C:\Users\Gavin's XPS 13\AppData\Local\Programs\MiKTeX\tex/latex/amsmath\amsbsy
.sty
Package: amsbsy 1999/11/29 v1.2d Bold Symbols
\pmbraise@=\dimen140
)
(C:\Users\Gavin's XPS 13\AppData\Local\Programs\MiKTeX\tex/latex/amsmath\amsopn
.sty
Package: amsopn 2016/03/08 v2.02 operator names
)
\inf@bad=\count190
LaTeX Info: Redefining \frac on input line 234.
\uproot@=\count191
\leftroot@=\count192
LaTeX Info: Redefining \overline on input line 399.
\classnum@=\count193
\DOTSCASE@=\count194
LaTeX Info: Redefining \ldots on input line 496.
LaTeX Info: Redefining \dots on input line 499.
LaTeX Info: Redefining \cdots on input line 620.
\Mathstrutbox@=\box50
\strutbox@=\box51
\big@size=\dimen141
LaTeX Font Info:    Redeclaring font encoding OML on input line 743.
LaTeX Font Info:    Redeclaring font encoding OMS on input line 744.
\macc@depth=\count195
\c@MaxMatrixCols=\count196
\dotsspace@=\muskip16
\c@parentequation=\count197
\dspbrk@lvl=\count198
\tag@help=\toks18
\row@=\count199
\column@=\count266
\maxfields@=\count267
\andhelp@=\toks19
\eqnshift@=\dimen142
\alignsep@=\dimen143
\tagshift@=\dimen144
\tagwidth@=\dimen145
\totwidth@=\dimen146
\lineht@=\dimen147
\@envbody=\toks20
\multlinegap=\skip50
\multlinetaggap=\skip51
\mathdisplay@stack=\toks21
LaTeX Info: Redefining \[ on input line 2923.
LaTeX Info: Redefining \] on input line 2924.
)
(C:\Users\Gavin's XPS 13\AppData\Local\Programs\MiKTeX\tex/latex/graphics\graph
icx.sty
Package: graphicx 2020/12/05 v1.2c Enhanced LaTeX Graphics (DPC,SPQR)

(C:\Users\Gavin's XPS 13\AppData\Local\Programs\MiKTeX\tex/latex/graphics\keyva
l.sty
Package: keyval 2014/10/28 v1.15 key=value parser (DPC)
\KV@toks@=\toks22
)
(C:\Users\Gavin's XPS 13\AppData\Local\Programs\MiKTeX\tex/latex/graphics\graph
ics.sty
Package: graphics 2021/03/04 v1.4d Standard LaTeX Graphics (DPC,SPQR)

(C:\Users\Gavin's XPS 13\AppData\Local\Programs\MiKTeX\tex/latex/graphics\trig.
sty
Package: trig 2016/01/03 v1.10 sin cos tan (DPC)
)
(C:\Users\Gavin's XPS 13\AppData\Local\Programs\MiKTeX\tex/latex/graphics-cfg\g
raphics.cfg
File: graphics.cfg 2016/06/04 v1.11 sample graphics configuration
)
Package graphics Info: Driver file: pdftex.def on input line 107.

(C:\Users\Gavin's XPS 13\AppData\Local\Programs\MiKTeX\tex/latex/graphics-def\p
dftex.def
File: pdftex.def 2020/10/05 v1.2a Graphics/color driver for pdftex
))
\Gin@req@height=\dimen148
\Gin@req@width=\dimen149
)
(C:\Users\Gavin's XPS 13\AppData\Local\Programs\MiKTeX\tex/latex/doublestroke\d
sfont.sty
Package: dsfont 1995/08/01 v0.1 Double stroke roman fonts
)
(C:\Users\Gavin's XPS 13\AppData\Local\Programs\MiKTeX\tex/latex/l3backend\l3ba
ckend-pdftex.def
File: l3backend-pdftex.def 2021-05-07 L3 backend support: PDF output (pdfTeX)
\l__color_backend_stack_int=\count268
\l__pdf_internal_box=\box52
) (Assignment1_QMII_Kerr.aux)
\openout1 = `Assignment1_QMII_Kerr.aux'.

LaTeX Font Info:    Checking defaults for OML/cmm/m/it on input line 11.
LaTeX Font Info:    ... okay on input line 11.
LaTeX Font Info:    Checking defaults for OMS/cmsy/m/n on input line 11.
LaTeX Font Info:    ... okay on input line 11.
LaTeX Font Info:    Checking defaults for OT1/cmr/m/n on input line 11.
LaTeX Font Info:    ... okay on input line 11.
LaTeX Font Info:    Checking defaults for T1/cmr/m/n on input line 11.
LaTeX Font Info:    ... okay on input line 11.
LaTeX Font Info:    Checking defaults for TS1/cmr/m/n on input line 11.
LaTeX Font Info:    ... okay on input line 11.
LaTeX Font Info:    Checking defaults for OMX/cmex/m/n on input line 11.
LaTeX Font Info:    ... okay on input line 11.
LaTeX Font Info:    Checking defaults for U/cmr/m/n on input line 11.
LaTeX Font Info:    ... okay on input line 11.

(C:\Users\Gavin's XPS 13\AppData\Local\Programs\MiKTeX\tex/context/base/mkii\su
pp-pdf.mkii
[Loading MPS to PDF converter (version 2006.09.02).]
\scratchcounter=\count269
\scratchdimen=\dimen150
\scratchbox=\box53
\nofMPsegments=\count270
\nofMParguments=\count271
\everyMPshowfont=\toks23
\MPscratchCnt=\count272
\MPscratchDim=\dimen151
\MPnumerator=\count273
\makeMPintoPDFobject=\count274
\everyMPtoPDFconversion=\toks24
)
(C:\Users\Gavin's XPS 13\AppData\Local\Programs\MiKTeX\tex/latex/epstopdf-pkg\e
pstopdf-base.sty
Package: epstopdf-base 2020-01-24 v2.11 Base part for package epstopdf
Package epstopdf-base Info: Redefining graphics rule for `.eps' on input line 4
85.

(C:\Users\Gavin's XPS 13\AppData\Local\Programs\MiKTeX\tex/latex/00miktex\epsto
pdf-sys.cfg
File: epstopdf-sys.cfg 2021/03/18 v2.0 Configuration of epstopdf for MiKTeX
))
<dal_logo2.png, id=1, 344.28625pt x 147.55125pt>
File: dal_logo2.png Graphic file (type png)
<use dal_logo2.png>
Package pdftex.def Info: dal_logo2.png  used on input line 25.
(pdftex.def)             Requested size: 223.7834pt x 95.90717pt.
 [1

{C:/Users/Gavin's XPS 13/AppData/Local/MiKTeX/pdftex/config/pdftex.map} <./dal_
logo2.png>]
LaTeX Font Info:    Trying to load font information for U+msa on input line 43.


(C:\Users\Gavin's XPS 13\AppData\Local\Programs\MiKTeX\tex/latex/amsfonts\umsa.
fd
File: umsa.fd 2013/01/14 v3.01 AMS symbols A
)
LaTeX Font Info:    Trying to load font information for U+msb on input line 43.


(C:\Users\Gavin's XPS 13\AppData\Local\Programs\MiKTeX\tex/latex/amsfonts\umsb.
fd
File: umsb.fd 2013/01/14 v3.01 AMS symbols B
)
LaTeX Font Info:    Trying to load font information for U+dsrom on input line 4
3.

(C:\Users\Gavin's XPS 13\AppData\Local\Programs\MiKTeX\tex/latex/doublestroke\u
dsrom.fd
File: Udsrom.fd 1995/08/01 v0.1 Double stroke roman font definitions
)
Underfull \hbox (badness 10000) in paragraph at lines 85--89

 []


Underfull \hbox (badness 10000) in paragraph at lines 91--95

 []


Underfull \hbox (badness 10000) in paragraph at lines 97--100

 []


Underfull \hbox (badness 10000) in paragraph at lines 97--100

 []

[1]
Underfull \hbox (badness 10000) in paragraph at lines 104--108

 []

[2] (Assignment1_QMII_Kerr.aux) ) 
Here is how much of TeX's memory you used:
 2402 strings out of 478864
 33838 string characters out of 2844358
 339056 words of memory out of 3000000
 20318 multiletter control sequences out of 15000+600000
 410173 words of font info for 54 fonts, out of 8000000 for 9000
 1141 hyphenation exceptions out of 8191
 57i,14n,66p,240b,221s stack positions out of 5000i,500n,10000p,200000b,80000s
<C:/Users/Gavin's XPS 13/AppData/Local/Program
s/MiKTeX/fonts/type1/public/amsfonts/cm/cmbx12.pfb><C:/Users/Gavin's XPS 13/App
Data/Local/Programs/MiKTeX/fonts/type1/public/amsfonts/cm/cmex10.pfb><C:/Users/
Gavin's XPS 13/AppData/Local/Programs/MiKTeX/fonts/type1/public/amsfonts/cm/cmm
i12.pfb><C:/Users/Gavin's XPS 13/AppData/Local/Programs/MiKTeX/fonts/type1/publ
ic/amsfonts/cm/cmmi8.pfb><C:/Users/Gavin's XPS 13/AppData/Local/Programs/MiKTeX
/fonts/type1/public/amsfonts/cm/cmr10.pfb><C:/Users/Gavin's XPS 13/AppData/Loca
l/Programs/MiKTeX/fonts/type1/public/amsfonts/cm/cmr12.pfb><C:/Users/Gavin's XP
S 13/AppData/Local/Programs/MiKTeX/fonts/type1/public/amsfonts/cm/cmr17.pfb><C:
/Users/Gavin's XPS 13/AppData/Local/Programs/MiKTeX/fonts/type1/public/amsfonts
/cm/cmr8.pfb><C:/Users/Gavin's XPS 13/AppData/Local/Programs/MiKTeX/fonts/type1
/public/amsfonts/cm/cmsy10.pfb><C:/Users/Gavin's XPS 13/AppData/Local/Programs/
MiKTeX/fonts/type1/public/doublestroke/dsrom12.pfb><C:/Users/Gavin's XPS 13/App
Data/Local/Programs/MiKTeX/fonts/type1/public/amsfonts/symbols/msbm10.pfb>
Output written on Assignment1_QMII_Kerr.pdf (3 pages, 124831 bytes).
PDF statistics:
 69 PDF objects out of 1000 (max. 8388607)
 0 named destinations out of 1000 (max. 500000)
 6 words of extra memory for PDF output out of 10000 (max. 10000000)

